<?xml version="1.0" encoding="UTF-8"?>
<testng-results ignored="0" total="2" passed="2" failed="0" skipped="0">
  <reporter-output>
  </reporter-output>
  <suite started-at="2025-03-15T10:44:49 IST" name="Suite" finished-at="2025-03-15T10:45:35 IST" duration-ms="45395">
    <groups>
    </groups>
    <test started-at="2025-03-15T10:44:49 IST" name="Test" finished-at="2025-03-15T10:45:35 IST" duration-ms="45395">
      <class name="TestCases.TC001_AccountRegistrationTest">
        <test-method is-config="true" signature="setup()[pri:0, instance:TestCases.TC001_AccountRegistrationTest@5778826f]" started-at="2025-03-15T10:44:49 IST" name="setup" finished-at="2025-03-15T10:45:02 IST" duration-ms="12798" status="PASS">
          <reporter-output>
          </reporter-output>
        </test-method> <!-- setup -->
        <test-method signature="verify_account_registration()[pri:0, instance:TestCases.TC001_AccountRegistrationTest@5778826f]" started-at="2025-03-15T10:45:02 IST" name="verify_account_registration" finished-at="2025-03-15T10:45:07 IST" duration-ms="4629" status="PASS">
          <reporter-output>
          </reporter-output>
        </test-method> <!-- verify_account_registration -->
        <test-method is-config="true" signature="tearDown()[pri:0, instance:TestCases.TC001_AccountRegistrationTest@5778826f]" started-at="2025-03-15T10:45:07 IST" name="tearDown" finished-at="2025-03-15T10:45:16 IST" duration-ms="8549" status="PASS">
          <reporter-output>
          </reporter-output>
        </test-method> <!-- tearDown -->
      </class> <!-- TestCases.TC001_AccountRegistrationTest -->
      <class name="TestCases.TC002_LoginTest">
        <test-method is-config="true" signature="setup()[pri:0, instance:TestCases.TC002_LoginTest@61bcd567]" started-at="2025-03-15T10:45:16 IST" name="setup" finished-at="2025-03-15T10:45:27 IST" duration-ms="11574" status="PASS">
          <reporter-output>
          </reporter-output>
        </test-method> <!-- setup -->
        <test-method signature="verify_account_Login()[pri:0, instance:TestCases.TC002_LoginTest@61bcd567]" started-at="2025-03-15T10:45:27 IST" name="verify_account_Login" finished-at="2025-03-15T10:45:33 IST" duration-ms="5439" status="PASS">
          <reporter-output>
          </reporter-output>
        </test-method> <!-- verify_account_Login -->
        <test-method is-config="true" signature="tearDown()[pri:0, instance:TestCases.TC002_LoginTest@61bcd567]" started-at="2025-03-15T10:45:33 IST" name="tearDown" finished-at="2025-03-15T10:45:35 IST" duration-ms="2026" status="PASS">
          <reporter-output>
          </reporter-output>
        </test-method> <!-- tearDown -->
      </class> <!-- TestCases.TC002_LoginTest -->
    </test> <!-- Test -->
  </suite> <!-- Suite -->
</testng-results>
